<?xml version="1.0" encoding="UTF-8" ?>
<testsuite failures="0" time="7.382" errors="6" skipped="0" tests="7" name="org.apache.camel.component.spring.ws.SpringWebserviceComponentIntegrationTest">
  <properties>
    <property name="java.runtime.name" value="Java(TM) SE Runtime Environment"/>
    <property name="sun.boot.library.path" value="/System/Library/Frameworks/JavaVM.framework/Versions/1.6.0/Libraries"/>
    <property name="java.vm.version" value="16.3-b01-279"/>
    <property name="awt.nativeDoubleBuffering" value="true"/>
    <property name="gopherProxySet" value="false"/>
    <property name="mrj.build" value="10M3065"/>
    <property name="java.vm.vendor" value="Apple Inc."/>
    <property name="java.vendor.url" value="http://www.apple.com/"/>
    <property name="path.separator" value=":"/>
    <property name="java.vm.name" value="Java HotSpot(TM) 64-Bit Server VM"/>
    <property name="file.encoding.pkg" value="sun.io"/>
    <property name="user.country" value="US"/>
    <property name="sun.java.launcher" value="SUN_STANDARD"/>
    <property name="sun.os.patch.level" value="unknown"/>
    <property name="org.apache.camel.jmx.disabled" value="true"/>
    <property name="java.vm.specification.name" value="Java Virtual Machine Specification"/>
    <property name="user.dir" value="/Users/rickette/Workspace/camel-spring-ws"/>
    <property name="java.runtime.version" value="1.6.0_20-b02-279-10M3065"/>
    <property name="java.awt.graphicsenv" value="apple.awt.CGraphicsEnvironment"/>
    <property name="basedir" value="/Users/rickette/Workspace/camel-spring-ws"/>
    <property name="java.endorsed.dirs" value="/System/Library/Frameworks/JavaVM.framework/Versions/1.6.0/Home/lib/endorsed"/>
    <property name="os.arch" value="x86_64"/>
    <property name="surefire.real.class.path" value="/var/folders/tT/tTNL5HTNHMC8ZUm3gnfE6k+++TI/-Tmp-/surefirebooter5988945978932752852.jar"/>
    <property name="java.io.tmpdir" value="/var/folders/tT/tTNL5HTNHMC8ZUm3gnfE6k+++TI/-Tmp-/"/>
    <property name="line.separator" value="
"/>
    <property name="java.vm.specification.vendor" value="Sun Microsystems Inc."/>
    <property name="os.name" value="Mac OS X"/>
    <property name="sun.jnu.encoding" value="MacRoman"/>
    <property name="java.library.path" value=".:/Library/Java/Extensions:/System/Library/Java/Extensions:/usr/lib/java"/>
    <property name="surefire.test.class.path" value="/Users/rickette/Workspace/camel-spring-ws/target/test-classes:/Users/rickette/Workspace/camel-spring-ws/target/classes:/Users/rickette/.m2/repository/org/apache/camel/camel-core/2.3.0/camel-core-2.3.0.jar:/Users/rickette/.m2/repository/commons-logging/commons-logging-api/1.1/commons-logging-api-1.1.jar:/Users/rickette/.m2/repository/org/fusesource/commonman/commons-management/1.0/commons-management-1.0.jar:/Users/rickette/.m2/repository/org/apache/camel/camel-spring/2.3.0/camel-spring-2.3.0.jar:/Users/rickette/.m2/repository/org/springframework/spring-context/2.5.6/spring-context-2.5.6.jar:/Users/rickette/.m2/repository/aopalliance/aopalliance/1.0/aopalliance-1.0.jar:/Users/rickette/.m2/repository/commons-logging/commons-logging/1.1.1/commons-logging-1.1.1.jar:/Users/rickette/.m2/repository/org/springframework/spring-beans/2.5.6/spring-beans-2.5.6.jar:/Users/rickette/.m2/repository/org/springframework/spring-core/2.5.6/spring-core-2.5.6.jar:/Users/rickette/.m2/repository/org/springframework/spring-aop/2.5.6/spring-aop-2.5.6.jar:/Users/rickette/.m2/repository/org/springframework/spring-tx/2.5.6/spring-tx-2.5.6.jar:/Users/rickette/.m2/repository/org/springframework/ws/spring-ws-core/1.5.9/spring-ws-core-1.5.9.jar:/Users/rickette/.m2/repository/org/springframework/ws/spring-xml/1.5.9/spring-xml-1.5.9.jar:/Users/rickette/.m2/repository/org/springframework/ws/spring-oxm/1.5.9/spring-oxm-1.5.9.jar:/Users/rickette/.m2/repository/org/springframework/spring-web/2.5.6/spring-web-2.5.6.jar:/Users/rickette/.m2/repository/org/springframework/spring-webmvc/2.5.6/spring-webmvc-2.5.6.jar:/Users/rickette/.m2/repository/org/springframework/spring-context-support/2.5.6/spring-context-support-2.5.6.jar:/Users/rickette/.m2/repository/wsdl4j/wsdl4j/1.6.1/wsdl4j-1.6.1.jar:/Users/rickette/.m2/repository/org/springframework/ws/spring-ws-support/1.5.9/spring-ws-support-1.5.9.jar:/Users/rickette/.m2/repository/org/springframework/spring-jms/2.5.6/spring-jms-2.5.6.jar:/Users/rickette/.m2/repository/commons-pool/commons-pool/1.3/commons-pool-1.3.jar:/Users/rickette/.m2/repository/log4j/log4j/1.2.16/log4j-1.2.16.jar:/Users/rickette/.m2/repository/org/springframework/spring-test/2.5.6/spring-test-2.5.6.jar:/Users/rickette/.m2/repository/junit/junit/4.4/junit-4.4.jar:/Users/rickette/.m2/repository/org/apache/camel/camel-test/2.3.0/camel-test-2.3.0.jar:/Users/rickette/.m2/repository/org/apache/httpcomponents/httpclient/4.0.1/httpclient-4.0.1.jar:/Users/rickette/.m2/repository/org/apache/httpcomponents/httpcore/4.0.1/httpcore-4.0.1.jar:/Users/rickette/.m2/repository/commons-codec/commons-codec/1.3/commons-codec-1.3.jar:/Users/rickette/.m2/repository/org/apache/camel/camel-jaxb/2.3.0/camel-jaxb-2.3.0.jar:/Users/rickette/.m2/repository/javax/xml/bind/jaxb-api/2.1/jaxb-api-2.1.jar:/Users/rickette/.m2/repository/javax/xml/stream/stax-api/1.0-2/stax-api-1.0-2.jar:/Users/rickette/.m2/repository/javax/activation/activation/1.1/activation-1.1.jar:/Users/rickette/.m2/repository/com/sun/xml/bind/jaxb-impl/2.1.12/jaxb-impl-2.1.12.jar:/Users/rickette/.m2/repository/com/sun/xml/messaging/saaj/saaj-impl/1.3/saaj-impl-1.3.jar:/Users/rickette/.m2/repository/javax/xml/soap/saaj-api/1.3/saaj-api-1.3.jar:/Users/rickette/.m2/repository/org/apache/geronimo/specs/geronimo-activation_1.1_spec/1.1/geronimo-activation_1.1_spec-1.1.jar:/Users/rickette/.m2/repository/org/apache/geronimo/specs/geronimo-servlet_2.4_spec/1.1.1/geronimo-servlet_2.4_spec-1.1.1.jar:/Users/rickette/.m2/repository/stax/stax/1.2.0/stax-1.2.0.jar:/Users/rickette/.m2/repository/stax/stax-api/1.0.1/stax-api-1.0.1.jar:"/>
    <property name="java.specification.name" value="Java Platform API Specification"/>
    <property name="java.class.version" value="50.0"/>
    <property name="sun.management.compiler" value="HotSpot 64-Bit Server Compiler"/>
    <property name="os.version" value="10.6.4"/>
    <property name="http.nonProxyHosts" value="local|*.local|169.254/16|*.169.254/16"/>
    <property name="user.home" value="/Users/rickette"/>
    <property name="user.timezone" value="Europe/Amsterdam"/>
    <property name="java.awt.printerjob" value="apple.awt.CPrinterJob"/>
    <property name="java.specification.version" value="1.6"/>
    <property name="file.encoding" value="MacRoman"/>
    <property name="user.name" value="rickette"/>
    <property name="java.class.path" value="/Users/rickette/Workspace/camel-spring-ws/target/test-classes:/Users/rickette/Workspace/camel-spring-ws/target/classes:/Users/rickette/.m2/repository/org/apache/camel/camel-core/2.3.0/camel-core-2.3.0.jar:/Users/rickette/.m2/repository/commons-logging/commons-logging-api/1.1/commons-logging-api-1.1.jar:/Users/rickette/.m2/repository/org/fusesource/commonman/commons-management/1.0/commons-management-1.0.jar:/Users/rickette/.m2/repository/org/apache/camel/camel-spring/2.3.0/camel-spring-2.3.0.jar:/Users/rickette/.m2/repository/org/springframework/spring-context/2.5.6/spring-context-2.5.6.jar:/Users/rickette/.m2/repository/aopalliance/aopalliance/1.0/aopalliance-1.0.jar:/Users/rickette/.m2/repository/commons-logging/commons-logging/1.1.1/commons-logging-1.1.1.jar:/Users/rickette/.m2/repository/org/springframework/spring-beans/2.5.6/spring-beans-2.5.6.jar:/Users/rickette/.m2/repository/org/springframework/spring-core/2.5.6/spring-core-2.5.6.jar:/Users/rickette/.m2/repository/org/springframework/spring-aop/2.5.6/spring-aop-2.5.6.jar:/Users/rickette/.m2/repository/org/springframework/spring-tx/2.5.6/spring-tx-2.5.6.jar:/Users/rickette/.m2/repository/org/springframework/ws/spring-ws-core/1.5.9/spring-ws-core-1.5.9.jar:/Users/rickette/.m2/repository/org/springframework/ws/spring-xml/1.5.9/spring-xml-1.5.9.jar:/Users/rickette/.m2/repository/org/springframework/ws/spring-oxm/1.5.9/spring-oxm-1.5.9.jar:/Users/rickette/.m2/repository/org/springframework/spring-web/2.5.6/spring-web-2.5.6.jar:/Users/rickette/.m2/repository/org/springframework/spring-webmvc/2.5.6/spring-webmvc-2.5.6.jar:/Users/rickette/.m2/repository/org/springframework/spring-context-support/2.5.6/spring-context-support-2.5.6.jar:/Users/rickette/.m2/repository/wsdl4j/wsdl4j/1.6.1/wsdl4j-1.6.1.jar:/Users/rickette/.m2/repository/org/springframework/ws/spring-ws-support/1.5.9/spring-ws-support-1.5.9.jar:/Users/rickette/.m2/repository/org/springframework/spring-jms/2.5.6/spring-jms-2.5.6.jar:/Users/rickette/.m2/repository/commons-pool/commons-pool/1.3/commons-pool-1.3.jar:/Users/rickette/.m2/repository/log4j/log4j/1.2.16/log4j-1.2.16.jar:/Users/rickette/.m2/repository/org/springframework/spring-test/2.5.6/spring-test-2.5.6.jar:/Users/rickette/.m2/repository/junit/junit/4.4/junit-4.4.jar:/Users/rickette/.m2/repository/org/apache/camel/camel-test/2.3.0/camel-test-2.3.0.jar:/Users/rickette/.m2/repository/org/apache/httpcomponents/httpclient/4.0.1/httpclient-4.0.1.jar:/Users/rickette/.m2/repository/org/apache/httpcomponents/httpcore/4.0.1/httpcore-4.0.1.jar:/Users/rickette/.m2/repository/commons-codec/commons-codec/1.3/commons-codec-1.3.jar:/Users/rickette/.m2/repository/org/apache/camel/camel-jaxb/2.3.0/camel-jaxb-2.3.0.jar:/Users/rickette/.m2/repository/javax/xml/bind/jaxb-api/2.1/jaxb-api-2.1.jar:/Users/rickette/.m2/repository/javax/xml/stream/stax-api/1.0-2/stax-api-1.0-2.jar:/Users/rickette/.m2/repository/javax/activation/activation/1.1/activation-1.1.jar:/Users/rickette/.m2/repository/com/sun/xml/bind/jaxb-impl/2.1.12/jaxb-impl-2.1.12.jar:/Users/rickette/.m2/repository/com/sun/xml/messaging/saaj/saaj-impl/1.3/saaj-impl-1.3.jar:/Users/rickette/.m2/repository/javax/xml/soap/saaj-api/1.3/saaj-api-1.3.jar:/Users/rickette/.m2/repository/org/apache/geronimo/specs/geronimo-activation_1.1_spec/1.1/geronimo-activation_1.1_spec-1.1.jar:/Users/rickette/.m2/repository/org/apache/geronimo/specs/geronimo-servlet_2.4_spec/1.1.1/geronimo-servlet_2.4_spec-1.1.1.jar:/Users/rickette/.m2/repository/stax/stax/1.2.0/stax-1.2.0.jar:/Users/rickette/.m2/repository/stax/stax-api/1.0.1/stax-api-1.0.1.jar:"/>
    <property name="java.vm.specification.version" value="1.0"/>
    <property name="sun.arch.data.model" value="64"/>
    <property name="java.home" value="/System/Library/Frameworks/JavaVM.framework/Versions/1.6.0/Home"/>
    <property name="java.specification.vendor" value="Sun Microsystems Inc."/>
    <property name="user.language" value="en"/>
    <property name="awt.toolkit" value="apple.awt.CToolkit"/>
    <property name="java.vm.info" value="mixed mode"/>
    <property name="java.version" value="1.6.0_20"/>
    <property name="java.ext.dirs" value="/Library/Java/Extensions:/System/Library/Java/Extensions:/System/Library/Frameworks/JavaVM.framework/Versions/1.6.0/Home/lib/ext"/>
    <property name="sun.boot.class.path" value="/System/Library/Frameworks/JavaVM.framework/Versions/1.6.0/Classes/jsfd.jar:/System/Library/Frameworks/JavaVM.framework/Versions/1.6.0/Classes/classes.jar:/System/Library/Frameworks/JavaVM.framework/Frameworks/JavaRuntimeSupport.framework/Resources/Java/JavaRuntimeSupport.jar:/System/Library/Frameworks/JavaVM.framework/Versions/1.6.0/Classes/ui.jar:/System/Library/Frameworks/JavaVM.framework/Versions/1.6.0/Classes/laf.jar:/System/Library/Frameworks/JavaVM.framework/Versions/1.6.0/Classes/sunrsasign.jar:/System/Library/Frameworks/JavaVM.framework/Versions/1.6.0/Classes/jsse.jar:/System/Library/Frameworks/JavaVM.framework/Versions/1.6.0/Classes/jce.jar:/System/Library/Frameworks/JavaVM.framework/Versions/1.6.0/Classes/charsets.jar"/>
    <property name="java.vendor" value="Apple Inc."/>
    <property name="localRepository" value="/Users/rickette/.m2/repository"/>
    <property name="file.separator" value="/"/>
    <property name="java.vendor.url.bug" value="http://bugreport.apple.com/"/>
    <property name="sun.cpu.endian" value="little"/>
    <property name="sun.io.unicode.encoding" value="UnicodeLittle"/>
    <property name="mrj.version" value="1060.1.6.0_20-279"/>
    <property name="socksNonProxyHosts" value="local|*.local|169.254/16|*.169.254/16"/>
    <property name="ftp.nonProxyHosts" value="local|*.local|169.254/16|*.169.254/16"/>
    <property name="sun.cpu.isalist" value=""/>
  </properties>
  <testcase time="0.35" classname="org.apache.camel.component.spring.ws.SpringWebserviceComponentIntegrationTest" name="consumeStockQuoteWebserviceWithDefaultTemplate">
    <error message="Exception occurred during execution on the exchange: Exchange[Message: &lt;GetQuote xmlns=&quot;http://www.webserviceX.NET/&quot;&gt;&lt;symbol&gt;GOOG&lt;/symbol&gt;&lt;/GetQuote&gt;]" type="org.apache.camel.CamelExecutionException">org.apache.camel.CamelExecutionException: Exception occurred during execution on the exchange: Exchange[Message: &lt;GetQuote xmlns=&quot;http://www.webserviceX.NET/&quot;&gt;&lt;symbol&gt;GOOG&lt;/symbol&gt;&lt;/GetQuote&gt;]
	at org.apache.camel.util.ObjectHelper.wrapCamelExecutionException(ObjectHelper.java:1127)
	at org.apache.camel.util.ExchangeHelper.extractResultBody(ExchangeHelper.java:448)
	at org.apache.camel.impl.DefaultProducerTemplate.extractResultBody(DefaultProducerTemplate.java:440)
	at org.apache.camel.impl.DefaultProducerTemplate.sendBody(DefaultProducerTemplate.java:118)
	at org.apache.camel.impl.DefaultProducerTemplate.sendBody(DefaultProducerTemplate.java:134)
	at org.apache.camel.impl.DefaultProducerTemplate.requestBody(DefaultProducerTemplate.java:282)
	at org.apache.camel.component.spring.ws.SpringWebserviceComponentIntegrationTest.consumeStockQuoteWebserviceWithDefaultTemplate(SpringWebserviceComponentIntegrationTest.java:44)
	at sun.reflect.NativeMethodAccessorImpl.invoke0(Native Method)
	at sun.reflect.NativeMethodAccessorImpl.invoke(NativeMethodAccessorImpl.java:39)
	at sun.reflect.DelegatingMethodAccessorImpl.invoke(DelegatingMethodAccessorImpl.java:25)
	at java.lang.reflect.Method.invoke(Method.java:597)
	at org.springframework.test.context.junit4.SpringTestMethod.invoke(SpringTestMethod.java:160)
	at org.springframework.test.context.junit4.SpringMethodRoadie.runTestMethod(SpringMethodRoadie.java:233)
	at org.springframework.test.context.junit4.SpringMethodRoadie$RunBeforesThenTestThenAfters.run(SpringMethodRoadie.java:333)
	at java.util.concurrent.Executors$RunnableAdapter.call(Executors.java:441)
	at java.util.concurrent.FutureTask$Sync.innerRun(FutureTask.java:303)
	at java.util.concurrent.FutureTask.run(FutureTask.java:138)
	at java.util.concurrent.ThreadPoolExecutor$Worker.runTask(ThreadPoolExecutor.java:886)
	at java.util.concurrent.ThreadPoolExecutor$Worker.run(ThreadPoolExecutor.java:908)
	at java.lang.Thread.run(Thread.java:637)
Caused by: org.springframework.ws.client.WebServiceTransportException: Service Unavailable [503]
	at org.springframework.ws.client.core.WebServiceTemplate.handleError(WebServiceTemplate.java:627)
	at org.springframework.ws.client.core.WebServiceTemplate.doSendAndReceive(WebServiceTemplate.java:551)
	at org.springframework.ws.client.core.WebServiceTemplate.sendAndReceive(WebServiceTemplate.java:502)
	at org.springframework.ws.client.core.WebServiceTemplate.doSendAndReceive(WebServiceTemplate.java:457)
	at org.springframework.ws.client.core.WebServiceTemplate.sendSourceAndReceive(WebServiceTemplate.java:444)
	at org.springframework.ws.client.core.WebServiceTemplate.sendSourceAndReceive(WebServiceTemplate.java:435)
	at org.apache.camel.component.spring.ws.SpringWebserviceProducer.process(SpringWebserviceProducer.java:60)
	at org.apache.camel.processor.SendProcessor$1.doInProducer(SendProcessor.java:106)
	at org.apache.camel.processor.SendProcessor$1.doInProducer(SendProcessor.java:103)
	at org.apache.camel.impl.ProducerCache.doInProducer(ProducerCache.java:189)
	at org.apache.camel.processor.SendProcessor.doProcess(SendProcessor.java:103)
	at org.apache.camel.processor.SendProcessor.process(SendProcessor.java:87)
	at org.apache.camel.processor.DelegateProcessor.processNext(DelegateProcessor.java:53)
	at org.apache.camel.processor.DelegateProcessor.proceed(DelegateProcessor.java:82)
	at org.apache.camel.processor.interceptor.TraceInterceptor.process(TraceInterceptor.java:97)
	at org.apache.camel.processor.RedeliveryErrorHandler.processExchange(RedeliveryErrorHandler.java:185)
	at org.apache.camel.processor.RedeliveryErrorHandler.processErrorHandler(RedeliveryErrorHandler.java:151)
	at org.apache.camel.processor.RedeliveryErrorHandler.process(RedeliveryErrorHandler.java:89)
	at org.apache.camel.processor.DefaultErrorHandler.process(DefaultErrorHandler.java:49)
	at org.apache.camel.processor.DefaultChannel.process(DefaultChannel.java:228)
	at org.apache.camel.processor.UnitOfWorkProcessor.processNext(UnitOfWorkProcessor.java:70)
	at org.apache.camel.processor.DelegateProcessor.process(DelegateProcessor.java:48)
	at org.apache.camel.management.InstrumentationProcessor.process(InstrumentationProcessor.java:67)
	at org.apache.camel.component.direct.DirectProducer.process(DirectProducer.java:44)
	at org.apache.camel.impl.ProducerCache$1.doInProducer(ProducerCache.java:230)
	at org.apache.camel.impl.ProducerCache$1.doInProducer(ProducerCache.java:208)
	at org.apache.camel.impl.ProducerCache.doInProducer(ProducerCache.java:189)
	at org.apache.camel.impl.ProducerCache.sendExchange(ProducerCache.java:208)
	at org.apache.camel.impl.ProducerCache.send(ProducerCache.java:152)
	at org.apache.camel.impl.DefaultProducerTemplate.send(DefaultProducerTemplate.java:113)
	at org.apache.camel.impl.DefaultProducerTemplate.sendBody(DefaultProducerTemplate.java:117)
	... 16 more
</error>
  </testcase>
  <testcase time="0.279" classname="org.apache.camel.component.spring.ws.SpringWebserviceComponentIntegrationTest" name="consumeStockQuoteWebservice">
    <error message="Exception occurred during execution on the exchange: Exchange[Message: &lt;GetQuote xmlns=&quot;http://www.webserviceX.NET/&quot;&gt;&lt;symbol&gt;GOOG&lt;/symbol&gt;&lt;/GetQuote&gt;]" type="org.apache.camel.CamelExecutionException">org.apache.camel.CamelExecutionException: Exception occurred during execution on the exchange: Exchange[Message: &lt;GetQuote xmlns=&quot;http://www.webserviceX.NET/&quot;&gt;&lt;symbol&gt;GOOG&lt;/symbol&gt;&lt;/GetQuote&gt;]
	at org.apache.camel.util.ObjectHelper.wrapCamelExecutionException(ObjectHelper.java:1127)
	at org.apache.camel.util.ExchangeHelper.extractResultBody(ExchangeHelper.java:448)
	at org.apache.camel.impl.DefaultProducerTemplate.extractResultBody(DefaultProducerTemplate.java:440)
	at org.apache.camel.impl.DefaultProducerTemplate.sendBody(DefaultProducerTemplate.java:118)
	at org.apache.camel.impl.DefaultProducerTemplate.sendBody(DefaultProducerTemplate.java:134)
	at org.apache.camel.impl.DefaultProducerTemplate.requestBody(DefaultProducerTemplate.java:282)
	at org.apache.camel.component.spring.ws.SpringWebserviceComponentIntegrationTest.consumeStockQuoteWebservice(SpringWebserviceComponentIntegrationTest.java:52)
	at sun.reflect.NativeMethodAccessorImpl.invoke0(Native Method)
	at sun.reflect.NativeMethodAccessorImpl.invoke(NativeMethodAccessorImpl.java:39)
	at sun.reflect.DelegatingMethodAccessorImpl.invoke(DelegatingMethodAccessorImpl.java:25)
	at java.lang.reflect.Method.invoke(Method.java:597)
	at org.springframework.test.context.junit4.SpringTestMethod.invoke(SpringTestMethod.java:160)
	at org.springframework.test.context.junit4.SpringMethodRoadie.runTestMethod(SpringMethodRoadie.java:233)
	at org.springframework.test.context.junit4.SpringMethodRoadie$RunBeforesThenTestThenAfters.run(SpringMethodRoadie.java:333)
	at java.util.concurrent.Executors$RunnableAdapter.call(Executors.java:441)
	at java.util.concurrent.FutureTask$Sync.innerRun(FutureTask.java:303)
	at java.util.concurrent.FutureTask.run(FutureTask.java:138)
	at java.util.concurrent.ThreadPoolExecutor$Worker.runTask(ThreadPoolExecutor.java:886)
	at java.util.concurrent.ThreadPoolExecutor$Worker.run(ThreadPoolExecutor.java:908)
	at java.lang.Thread.run(Thread.java:637)
Caused by: org.springframework.ws.client.WebServiceTransportException: Service Unavailable [503]
	at org.springframework.ws.client.core.WebServiceTemplate.handleError(WebServiceTemplate.java:627)
	at org.springframework.ws.client.core.WebServiceTemplate.doSendAndReceive(WebServiceTemplate.java:551)
	at org.springframework.ws.client.core.WebServiceTemplate.sendAndReceive(WebServiceTemplate.java:502)
	at org.springframework.ws.client.core.WebServiceTemplate.doSendAndReceive(WebServiceTemplate.java:457)
	at org.springframework.ws.client.core.WebServiceTemplate.sendSourceAndReceive(WebServiceTemplate.java:444)
	at org.springframework.ws.client.core.WebServiceTemplate.sendSourceAndReceive(WebServiceTemplate.java:435)
	at org.apache.camel.component.spring.ws.SpringWebserviceProducer.process(SpringWebserviceProducer.java:60)
	at org.apache.camel.processor.SendProcessor$1.doInProducer(SendProcessor.java:106)
	at org.apache.camel.processor.SendProcessor$1.doInProducer(SendProcessor.java:103)
	at org.apache.camel.impl.ProducerCache.doInProducer(ProducerCache.java:189)
	at org.apache.camel.processor.SendProcessor.doProcess(SendProcessor.java:103)
	at org.apache.camel.processor.SendProcessor.process(SendProcessor.java:87)
	at org.apache.camel.processor.DelegateProcessor.processNext(DelegateProcessor.java:53)
	at org.apache.camel.processor.DelegateProcessor.proceed(DelegateProcessor.java:82)
	at org.apache.camel.processor.interceptor.TraceInterceptor.process(TraceInterceptor.java:97)
	at org.apache.camel.processor.RedeliveryErrorHandler.processExchange(RedeliveryErrorHandler.java:185)
	at org.apache.camel.processor.RedeliveryErrorHandler.processErrorHandler(RedeliveryErrorHandler.java:151)
	at org.apache.camel.processor.RedeliveryErrorHandler.process(RedeliveryErrorHandler.java:89)
	at org.apache.camel.processor.DefaultErrorHandler.process(DefaultErrorHandler.java:49)
	at org.apache.camel.processor.DefaultChannel.process(DefaultChannel.java:228)
	at org.apache.camel.processor.UnitOfWorkProcessor.processNext(UnitOfWorkProcessor.java:70)
	at org.apache.camel.processor.DelegateProcessor.process(DelegateProcessor.java:48)
	at org.apache.camel.management.InstrumentationProcessor.process(InstrumentationProcessor.java:67)
	at org.apache.camel.component.direct.DirectProducer.process(DirectProducer.java:44)
	at org.apache.camel.impl.ProducerCache$1.doInProducer(ProducerCache.java:230)
	at org.apache.camel.impl.ProducerCache$1.doInProducer(ProducerCache.java:208)
	at org.apache.camel.impl.ProducerCache.doInProducer(ProducerCache.java:189)
	at org.apache.camel.impl.ProducerCache.sendExchange(ProducerCache.java:208)
	at org.apache.camel.impl.ProducerCache.send(ProducerCache.java:152)
	at org.apache.camel.impl.DefaultProducerTemplate.send(DefaultProducerTemplate.java:113)
	at org.apache.camel.impl.DefaultProducerTemplate.sendBody(DefaultProducerTemplate.java:117)
	... 16 more
</error>
  </testcase>
  <testcase time="0.279" classname="org.apache.camel.component.spring.ws.SpringWebserviceComponentIntegrationTest" name="consumeStockQuoteWebserviceWithCamelStringSourceInput">
    <error message="Exception occurred during execution on the exchange: Exchange[Message: StringSource[&lt;GetQuote xmlns=&quot;http://www.webserviceX.NET/&quot;&gt;&lt;symbol&gt;GOOG&lt;/symbol&gt;&lt;/GetQuote&gt;]]" type="org.apache.camel.CamelExecutionException">org.apache.camel.CamelExecutionException: Exception occurred during execution on the exchange: Exchange[Message: StringSource[&lt;GetQuote xmlns=&quot;http://www.webserviceX.NET/&quot;&gt;&lt;symbol&gt;GOOG&lt;/symbol&gt;&lt;/GetQuote&gt;]]
	at org.apache.camel.util.ObjectHelper.wrapCamelExecutionException(ObjectHelper.java:1127)
	at org.apache.camel.util.ExchangeHelper.extractResultBody(ExchangeHelper.java:448)
	at org.apache.camel.impl.DefaultProducerTemplate.extractResultBody(DefaultProducerTemplate.java:440)
	at org.apache.camel.impl.DefaultProducerTemplate.sendBody(DefaultProducerTemplate.java:118)
	at org.apache.camel.impl.DefaultProducerTemplate.sendBody(DefaultProducerTemplate.java:134)
	at org.apache.camel.impl.DefaultProducerTemplate.requestBody(DefaultProducerTemplate.java:282)
	at org.apache.camel.component.spring.ws.SpringWebserviceComponentIntegrationTest.consumeStockQuoteWebserviceWithCamelStringSourceInput(SpringWebserviceComponentIntegrationTest.java:60)
	at sun.reflect.NativeMethodAccessorImpl.invoke0(Native Method)
	at sun.reflect.NativeMethodAccessorImpl.invoke(NativeMethodAccessorImpl.java:39)
	at sun.reflect.DelegatingMethodAccessorImpl.invoke(DelegatingMethodAccessorImpl.java:25)
	at java.lang.reflect.Method.invoke(Method.java:597)
	at org.springframework.test.context.junit4.SpringTestMethod.invoke(SpringTestMethod.java:160)
	at org.springframework.test.context.junit4.SpringMethodRoadie.runTestMethod(SpringMethodRoadie.java:233)
	at org.springframework.test.context.junit4.SpringMethodRoadie$RunBeforesThenTestThenAfters.run(SpringMethodRoadie.java:333)
	at java.util.concurrent.Executors$RunnableAdapter.call(Executors.java:441)
	at java.util.concurrent.FutureTask$Sync.innerRun(FutureTask.java:303)
	at java.util.concurrent.FutureTask.run(FutureTask.java:138)
	at java.util.concurrent.ThreadPoolExecutor$Worker.runTask(ThreadPoolExecutor.java:886)
	at java.util.concurrent.ThreadPoolExecutor$Worker.run(ThreadPoolExecutor.java:908)
	at java.lang.Thread.run(Thread.java:637)
Caused by: org.springframework.ws.client.WebServiceTransportException: Service Unavailable [503]
	at org.springframework.ws.client.core.WebServiceTemplate.handleError(WebServiceTemplate.java:627)
	at org.springframework.ws.client.core.WebServiceTemplate.doSendAndReceive(WebServiceTemplate.java:551)
	at org.springframework.ws.client.core.WebServiceTemplate.sendAndReceive(WebServiceTemplate.java:502)
	at org.springframework.ws.client.core.WebServiceTemplate.doSendAndReceive(WebServiceTemplate.java:457)
	at org.springframework.ws.client.core.WebServiceTemplate.sendSourceAndReceive(WebServiceTemplate.java:444)
	at org.springframework.ws.client.core.WebServiceTemplate.sendSourceAndReceive(WebServiceTemplate.java:435)
	at org.apache.camel.component.spring.ws.SpringWebserviceProducer.process(SpringWebserviceProducer.java:60)
	at org.apache.camel.processor.SendProcessor$1.doInProducer(SendProcessor.java:106)
	at org.apache.camel.processor.SendProcessor$1.doInProducer(SendProcessor.java:103)
	at org.apache.camel.impl.ProducerCache.doInProducer(ProducerCache.java:189)
	at org.apache.camel.processor.SendProcessor.doProcess(SendProcessor.java:103)
	at org.apache.camel.processor.SendProcessor.process(SendProcessor.java:87)
	at org.apache.camel.processor.DelegateProcessor.processNext(DelegateProcessor.java:53)
	at org.apache.camel.processor.DelegateProcessor.proceed(DelegateProcessor.java:82)
	at org.apache.camel.processor.interceptor.TraceInterceptor.process(TraceInterceptor.java:97)
	at org.apache.camel.processor.RedeliveryErrorHandler.processExchange(RedeliveryErrorHandler.java:185)
	at org.apache.camel.processor.RedeliveryErrorHandler.processErrorHandler(RedeliveryErrorHandler.java:151)
	at org.apache.camel.processor.RedeliveryErrorHandler.process(RedeliveryErrorHandler.java:89)
	at org.apache.camel.processor.DefaultErrorHandler.process(DefaultErrorHandler.java:49)
	at org.apache.camel.processor.DefaultChannel.process(DefaultChannel.java:228)
	at org.apache.camel.processor.UnitOfWorkProcessor.processNext(UnitOfWorkProcessor.java:70)
	at org.apache.camel.processor.DelegateProcessor.process(DelegateProcessor.java:48)
	at org.apache.camel.management.InstrumentationProcessor.process(InstrumentationProcessor.java:67)
	at org.apache.camel.component.direct.DirectProducer.process(DirectProducer.java:44)
	at org.apache.camel.impl.ProducerCache$1.doInProducer(ProducerCache.java:230)
	at org.apache.camel.impl.ProducerCache$1.doInProducer(ProducerCache.java:208)
	at org.apache.camel.impl.ProducerCache.doInProducer(ProducerCache.java:189)
	at org.apache.camel.impl.ProducerCache.sendExchange(ProducerCache.java:208)
	at org.apache.camel.impl.ProducerCache.send(ProducerCache.java:152)
	at org.apache.camel.impl.DefaultProducerTemplate.send(DefaultProducerTemplate.java:113)
	at org.apache.camel.impl.DefaultProducerTemplate.sendBody(DefaultProducerTemplate.java:117)
	... 16 more
</error>
  </testcase>
  <testcase time="5.001" classname="org.apache.camel.component.spring.ws.SpringWebserviceComponentIntegrationTest" name="consumeStockQuoteWebserviceWithNonDefaultMessageFactory">
    <error message="Test timed out after 5000 milliseconds" type="java.util.concurrent.TimeoutException">java.util.concurrent.TimeoutException: Test timed out after 5000 milliseconds
	at org.springframework.test.context.junit4.SpringMethodRoadie$1.run(SpringMethodRoadie.java:174)
	at org.springframework.test.context.junit4.SpringMethodRoadie.runWithRepetitions(SpringMethodRoadie.java:217)
	at org.springframework.test.context.junit4.SpringMethodRoadie.runWithTimeout(SpringMethodRoadie.java:159)
	at org.springframework.test.context.junit4.SpringMethodRoadie.run(SpringMethodRoadie.java:140)
	at org.springframework.test.context.junit4.SpringJUnit4ClassRunner.invokeTestMethod(SpringJUnit4ClassRunner.java:160)
	at org.junit.internal.runners.JUnit4ClassRunner.runMethods(JUnit4ClassRunner.java:51)
	at org.junit.internal.runners.JUnit4ClassRunner$1.run(JUnit4ClassRunner.java:44)
	at org.junit.internal.runners.ClassRoadie.runUnprotected(ClassRoadie.java:27)
	at org.junit.internal.runners.ClassRoadie.runProtected(ClassRoadie.java:37)
	at org.junit.internal.runners.JUnit4ClassRunner.run(JUnit4ClassRunner.java:42)
	at org.springframework.test.context.junit4.SpringJUnit4ClassRunner.run(SpringJUnit4ClassRunner.java:97)
	at org.apache.maven.surefire.junit4.JUnit4TestSet.execute(JUnit4TestSet.java:62)
	at org.apache.maven.surefire.suite.AbstractDirectoryTestSuite.executeTestSet(AbstractDirectoryTestSuite.java:140)
	at org.apache.maven.surefire.suite.AbstractDirectoryTestSuite.execute(AbstractDirectoryTestSuite.java:127)
	at org.apache.maven.surefire.Surefire.run(Surefire.java:177)
	at sun.reflect.NativeMethodAccessorImpl.invoke0(Native Method)
	at sun.reflect.NativeMethodAccessorImpl.invoke(NativeMethodAccessorImpl.java:39)
	at sun.reflect.DelegatingMethodAccessorImpl.invoke(DelegatingMethodAccessorImpl.java:25)
	at java.lang.reflect.Method.invoke(Method.java:597)
	at org.apache.maven.surefire.booter.SurefireBooter.runSuitesInProcess(SurefireBooter.java:345)
	at org.apache.maven.surefire.booter.SurefireBooter.main(SurefireBooter.java:1009)
</error>
  </testcase>
  <testcase time="0.279" classname="org.apache.camel.component.spring.ws.SpringWebserviceComponentIntegrationTest" name="consumeStockQuoteWebserviceAndConvertResult">
    <error message="Exception occurred during execution on the exchange: Exchange[Message: &lt;GetQuote xmlns=&quot;http://www.webserviceX.NET/&quot;&gt;&lt;symbol&gt;GOOG&lt;/symbol&gt;&lt;/GetQuote&gt;]" type="org.apache.camel.CamelExecutionException">org.apache.camel.CamelExecutionException: Exception occurred during execution on the exchange: Exchange[Message: &lt;GetQuote xmlns=&quot;http://www.webserviceX.NET/&quot;&gt;&lt;symbol&gt;GOOG&lt;/symbol&gt;&lt;/GetQuote&gt;]
	at org.apache.camel.util.ObjectHelper.wrapCamelExecutionException(ObjectHelper.java:1127)
	at org.apache.camel.util.ExchangeHelper.extractResultBody(ExchangeHelper.java:448)
	at org.apache.camel.impl.DefaultProducerTemplate.extractResultBody(DefaultProducerTemplate.java:440)
	at org.apache.camel.impl.DefaultProducerTemplate.sendBody(DefaultProducerTemplate.java:118)
	at org.apache.camel.impl.DefaultProducerTemplate.sendBody(DefaultProducerTemplate.java:134)
	at org.apache.camel.impl.DefaultProducerTemplate.requestBody(DefaultProducerTemplate.java:282)
	at org.apache.camel.component.spring.ws.SpringWebserviceComponentIntegrationTest.consumeStockQuoteWebserviceAndConvertResult(SpringWebserviceComponentIntegrationTest.java:76)
	at sun.reflect.NativeMethodAccessorImpl.invoke0(Native Method)
	at sun.reflect.NativeMethodAccessorImpl.invoke(NativeMethodAccessorImpl.java:39)
	at sun.reflect.DelegatingMethodAccessorImpl.invoke(DelegatingMethodAccessorImpl.java:25)
	at java.lang.reflect.Method.invoke(Method.java:597)
	at org.springframework.test.context.junit4.SpringTestMethod.invoke(SpringTestMethod.java:160)
	at org.springframework.test.context.junit4.SpringMethodRoadie.runTestMethod(SpringMethodRoadie.java:233)
	at org.springframework.test.context.junit4.SpringMethodRoadie$RunBeforesThenTestThenAfters.run(SpringMethodRoadie.java:333)
	at java.util.concurrent.Executors$RunnableAdapter.call(Executors.java:441)
	at java.util.concurrent.FutureTask$Sync.innerRun(FutureTask.java:303)
	at java.util.concurrent.FutureTask.run(FutureTask.java:138)
	at java.util.concurrent.ThreadPoolExecutor$Worker.runTask(ThreadPoolExecutor.java:886)
	at java.util.concurrent.ThreadPoolExecutor$Worker.run(ThreadPoolExecutor.java:908)
	at java.lang.Thread.run(Thread.java:637)
Caused by: org.springframework.ws.client.WebServiceTransportException: Service Unavailable [503]
	at org.springframework.ws.client.core.WebServiceTemplate.handleError(WebServiceTemplate.java:627)
	at org.springframework.ws.client.core.WebServiceTemplate.doSendAndReceive(WebServiceTemplate.java:551)
	at org.springframework.ws.client.core.WebServiceTemplate.sendAndReceive(WebServiceTemplate.java:502)
	at org.springframework.ws.client.core.WebServiceTemplate.doSendAndReceive(WebServiceTemplate.java:457)
	at org.springframework.ws.client.core.WebServiceTemplate.sendSourceAndReceive(WebServiceTemplate.java:444)
	at org.springframework.ws.client.core.WebServiceTemplate.sendSourceAndReceive(WebServiceTemplate.java:435)
	at org.apache.camel.component.spring.ws.SpringWebserviceProducer.process(SpringWebserviceProducer.java:60)
	at org.apache.camel.processor.SendProcessor$1.doInProducer(SendProcessor.java:106)
	at org.apache.camel.processor.SendProcessor$1.doInProducer(SendProcessor.java:103)
	at org.apache.camel.impl.ProducerCache.doInProducer(ProducerCache.java:189)
	at org.apache.camel.processor.SendProcessor.doProcess(SendProcessor.java:103)
	at org.apache.camel.processor.SendProcessor.process(SendProcessor.java:87)
	at org.apache.camel.processor.DelegateProcessor.processNext(DelegateProcessor.java:53)
	at org.apache.camel.processor.DelegateProcessor.proceed(DelegateProcessor.java:82)
	at org.apache.camel.processor.interceptor.TraceInterceptor.process(TraceInterceptor.java:97)
	at org.apache.camel.processor.RedeliveryErrorHandler.processExchange(RedeliveryErrorHandler.java:185)
	at org.apache.camel.processor.RedeliveryErrorHandler.processErrorHandler(RedeliveryErrorHandler.java:151)
	at org.apache.camel.processor.RedeliveryErrorHandler.process(RedeliveryErrorHandler.java:89)
	at org.apache.camel.processor.DefaultErrorHandler.process(DefaultErrorHandler.java:49)
	at org.apache.camel.processor.DefaultChannel.process(DefaultChannel.java:228)
	at org.apache.camel.processor.Pipeline.process(Pipeline.java:75)
	at org.apache.camel.processor.UnitOfWorkProcessor.processNext(UnitOfWorkProcessor.java:70)
	at org.apache.camel.processor.DelegateProcessor.process(DelegateProcessor.java:48)
	at org.apache.camel.management.InstrumentationProcessor.process(InstrumentationProcessor.java:67)
	at org.apache.camel.component.direct.DirectProducer.process(DirectProducer.java:44)
	at org.apache.camel.impl.ProducerCache$1.doInProducer(ProducerCache.java:230)
	at org.apache.camel.impl.ProducerCache$1.doInProducer(ProducerCache.java:208)
	at org.apache.camel.impl.ProducerCache.doInProducer(ProducerCache.java:189)
	at org.apache.camel.impl.ProducerCache.sendExchange(ProducerCache.java:208)
	at org.apache.camel.impl.ProducerCache.send(ProducerCache.java:152)
	at org.apache.camel.impl.DefaultProducerTemplate.send(DefaultProducerTemplate.java:113)
	at org.apache.camel.impl.DefaultProducerTemplate.sendBody(DefaultProducerTemplate.java:117)
	... 16 more
</error>
  </testcase>
  <testcase time="0.279" classname="org.apache.camel.component.spring.ws.SpringWebserviceComponentIntegrationTest" name="consumeStockQuoteWebserviceAndProvideEndpointUriByHeader">
    <error message="Exception occurred during execution on the exchange: Exchange[Message: &lt;GetQuote xmlns=&quot;http://www.webserviceX.NET/&quot;&gt;&lt;symbol&gt;GOOG&lt;/symbol&gt;&lt;/GetQuote&gt;]" type="org.apache.camel.CamelExecutionException">org.apache.camel.CamelExecutionException: Exception occurred during execution on the exchange: Exchange[Message: &lt;GetQuote xmlns=&quot;http://www.webserviceX.NET/&quot;&gt;&lt;symbol&gt;GOOG&lt;/symbol&gt;&lt;/GetQuote&gt;]
	at org.apache.camel.util.ObjectHelper.wrapCamelExecutionException(ObjectHelper.java:1127)
	at org.apache.camel.util.ExchangeHelper.extractResultBody(ExchangeHelper.java:448)
	at org.apache.camel.impl.DefaultProducerTemplate.extractResultBody(DefaultProducerTemplate.java:440)
	at org.apache.camel.impl.DefaultProducerTemplate.sendBodyAndHeader(DefaultProducerTemplate.java:168)
	at org.apache.camel.impl.DefaultProducerTemplate.requestBodyAndHeader(DefaultProducerTemplate.java:286)
	at org.apache.camel.component.spring.ws.SpringWebserviceComponentIntegrationTest.consumeStockQuoteWebserviceAndProvideEndpointUriByHeader(SpringWebserviceComponentIntegrationTest.java:86)
	at sun.reflect.NativeMethodAccessorImpl.invoke0(Native Method)
	at sun.reflect.NativeMethodAccessorImpl.invoke(NativeMethodAccessorImpl.java:39)
	at sun.reflect.DelegatingMethodAccessorImpl.invoke(DelegatingMethodAccessorImpl.java:25)
	at java.lang.reflect.Method.invoke(Method.java:597)
	at org.springframework.test.context.junit4.SpringTestMethod.invoke(SpringTestMethod.java:160)
	at org.springframework.test.context.junit4.SpringMethodRoadie.runTestMethod(SpringMethodRoadie.java:233)
	at org.springframework.test.context.junit4.SpringMethodRoadie$RunBeforesThenTestThenAfters.run(SpringMethodRoadie.java:333)
	at java.util.concurrent.Executors$RunnableAdapter.call(Executors.java:441)
	at java.util.concurrent.FutureTask$Sync.innerRun(FutureTask.java:303)
	at java.util.concurrent.FutureTask.run(FutureTask.java:138)
	at java.util.concurrent.ThreadPoolExecutor$Worker.runTask(ThreadPoolExecutor.java:886)
	at java.util.concurrent.ThreadPoolExecutor$Worker.run(ThreadPoolExecutor.java:908)
	at java.lang.Thread.run(Thread.java:637)
Caused by: org.springframework.ws.client.WebServiceTransportException: Service Unavailable [503]
	at org.springframework.ws.client.core.WebServiceTemplate.handleError(WebServiceTemplate.java:627)
	at org.springframework.ws.client.core.WebServiceTemplate.doSendAndReceive(WebServiceTemplate.java:551)
	at org.springframework.ws.client.core.WebServiceTemplate.sendAndReceive(WebServiceTemplate.java:502)
	at org.springframework.ws.client.core.WebServiceTemplate.doSendAndReceive(WebServiceTemplate.java:457)
	at org.springframework.ws.client.core.WebServiceTemplate.sendSourceAndReceive(WebServiceTemplate.java:444)
	at org.apache.camel.component.spring.ws.SpringWebserviceProducer.process(SpringWebserviceProducer.java:58)
	at org.apache.camel.processor.SendProcessor$1.doInProducer(SendProcessor.java:106)
	at org.apache.camel.processor.SendProcessor$1.doInProducer(SendProcessor.java:103)
	at org.apache.camel.impl.ProducerCache.doInProducer(ProducerCache.java:189)
	at org.apache.camel.processor.SendProcessor.doProcess(SendProcessor.java:103)
	at org.apache.camel.processor.SendProcessor.process(SendProcessor.java:87)
	at org.apache.camel.processor.DelegateProcessor.processNext(DelegateProcessor.java:53)
	at org.apache.camel.processor.DelegateProcessor.proceed(DelegateProcessor.java:82)
	at org.apache.camel.processor.interceptor.TraceInterceptor.process(TraceInterceptor.java:97)
	at org.apache.camel.processor.RedeliveryErrorHandler.processExchange(RedeliveryErrorHandler.java:185)
	at org.apache.camel.processor.RedeliveryErrorHandler.processErrorHandler(RedeliveryErrorHandler.java:151)
	at org.apache.camel.processor.RedeliveryErrorHandler.process(RedeliveryErrorHandler.java:89)
	at org.apache.camel.processor.DefaultErrorHandler.process(DefaultErrorHandler.java:49)
	at org.apache.camel.processor.DefaultChannel.process(DefaultChannel.java:228)
	at org.apache.camel.processor.Pipeline.process(Pipeline.java:75)
	at org.apache.camel.processor.UnitOfWorkProcessor.processNext(UnitOfWorkProcessor.java:70)
	at org.apache.camel.processor.DelegateProcessor.process(DelegateProcessor.java:48)
	at org.apache.camel.management.InstrumentationProcessor.process(InstrumentationProcessor.java:67)
	at org.apache.camel.component.direct.DirectProducer.process(DirectProducer.java:44)
	at org.apache.camel.impl.ProducerCache$1.doInProducer(ProducerCache.java:230)
	at org.apache.camel.impl.ProducerCache$1.doInProducer(ProducerCache.java:208)
	at org.apache.camel.impl.ProducerCache.doInProducer(ProducerCache.java:189)
	at org.apache.camel.impl.ProducerCache.sendExchange(ProducerCache.java:208)
	at org.apache.camel.impl.ProducerCache.send(ProducerCache.java:152)
	at org.apache.camel.impl.DefaultProducerTemplate.send(DefaultProducerTemplate.java:113)
	at org.apache.camel.impl.DefaultProducerTemplate.send(DefaultProducerTemplate.java:100)
	at org.apache.camel.impl.DefaultProducerTemplate.sendBodyAndHeader(DefaultProducerTemplate.java:167)
	... 15 more
</error>
  </testcase>
  <testcase time="0.003" classname="org.apache.camel.component.spring.ws.SpringWebserviceComponentIntegrationTest" name="consumeStockQuoteWebserviceWithWsAddresing"/>
</testsuite>