<?xml version="1.0" encoding="UTF-8" ?>
<testsuite failures="0" time="0.488" errors="1" skipped="0" tests="1" name="org.apache.camel.component.spring.ws.MarschallingConsumerIntegrationTest">
  <properties>
    <property name="java.runtime.name" value="Java(TM) SE Runtime Environment"/>
    <property name="sun.boot.library.path" value="/System/Library/Frameworks/JavaVM.framework/Versions/1.6.0/Libraries"/>
    <property name="java.vm.version" value="16.3-b01-279"/>
    <property name="awt.nativeDoubleBuffering" value="true"/>
    <property name="gopherProxySet" value="false"/>
    <property name="mrj.build" value="10M3065"/>
    <property name="java.vm.vendor" value="Apple Inc."/>
    <property name="java.vendor.url" value="http://www.apple.com/"/>
    <property name="path.separator" value=":"/>
    <property name="java.vm.name" value="Java HotSpot(TM) 64-Bit Server VM"/>
    <property name="file.encoding.pkg" value="sun.io"/>
    <property name="user.country" value="US"/>
    <property name="sun.java.launcher" value="SUN_STANDARD"/>
    <property name="sun.os.patch.level" value="unknown"/>
    <property name="org.apache.camel.jmx.disabled" value="true"/>
    <property name="java.vm.specification.name" value="Java Virtual Machine Specification"/>
    <property name="user.dir" value="/Users/rickette/Workspace/camel-spring-ws"/>
    <property name="java.runtime.version" value="1.6.0_20-b02-279-10M3065"/>
    <property name="java.awt.graphicsenv" value="apple.awt.CGraphicsEnvironment"/>
    <property name="basedir" value="/Users/rickette/Workspace/camel-spring-ws"/>
    <property name="java.endorsed.dirs" value="/System/Library/Frameworks/JavaVM.framework/Versions/1.6.0/Home/lib/endorsed"/>
    <property name="os.arch" value="x86_64"/>
    <property name="surefire.real.class.path" value="/var/folders/tT/tTNL5HTNHMC8ZUm3gnfE6k+++TI/-Tmp-/surefirebooter965185406704037329.jar"/>
    <property name="java.io.tmpdir" value="/var/folders/tT/tTNL5HTNHMC8ZUm3gnfE6k+++TI/-Tmp-/"/>
    <property name="line.separator" value="
"/>
    <property name="java.vm.specification.vendor" value="Sun Microsystems Inc."/>
    <property name="os.name" value="Mac OS X"/>
    <property name="sun.jnu.encoding" value="MacRoman"/>
    <property name="java.library.path" value=".:/Library/Java/Extensions:/System/Library/Java/Extensions:/usr/lib/java"/>
    <property name="surefire.test.class.path" value="/Users/rickette/Workspace/camel-spring-ws/target/test-classes:/Users/rickette/Workspace/camel-spring-ws/target/classes:/Users/rickette/.m2/repository/org/apache/camel/camel-core/2.3.0/camel-core-2.3.0.jar:/Users/rickette/.m2/repository/commons-logging/commons-logging-api/1.1/commons-logging-api-1.1.jar:/Users/rickette/.m2/repository/org/fusesource/commonman/commons-management/1.0/commons-management-1.0.jar:/Users/rickette/.m2/repository/org/apache/camel/camel-spring/2.3.0/camel-spring-2.3.0.jar:/Users/rickette/.m2/repository/org/springframework/spring-context/2.5.6/spring-context-2.5.6.jar:/Users/rickette/.m2/repository/aopalliance/aopalliance/1.0/aopalliance-1.0.jar:/Users/rickette/.m2/repository/commons-logging/commons-logging/1.1.1/commons-logging-1.1.1.jar:/Users/rickette/.m2/repository/org/springframework/spring-beans/2.5.6/spring-beans-2.5.6.jar:/Users/rickette/.m2/repository/org/springframework/spring-core/2.5.6/spring-core-2.5.6.jar:/Users/rickette/.m2/repository/org/springframework/spring-aop/2.5.6/spring-aop-2.5.6.jar:/Users/rickette/.m2/repository/org/springframework/spring-tx/2.5.6/spring-tx-2.5.6.jar:/Users/rickette/.m2/repository/org/springframework/ws/spring-ws-core/1.5.9/spring-ws-core-1.5.9.jar:/Users/rickette/.m2/repository/org/springframework/ws/spring-xml/1.5.9/spring-xml-1.5.9.jar:/Users/rickette/.m2/repository/org/springframework/ws/spring-oxm/1.5.9/spring-oxm-1.5.9.jar:/Users/rickette/.m2/repository/org/springframework/spring-web/2.5.6/spring-web-2.5.6.jar:/Users/rickette/.m2/repository/org/springframework/spring-webmvc/2.5.6/spring-webmvc-2.5.6.jar:/Users/rickette/.m2/repository/org/springframework/spring-context-support/2.5.6/spring-context-support-2.5.6.jar:/Users/rickette/.m2/repository/wsdl4j/wsdl4j/1.6.1/wsdl4j-1.6.1.jar:/Users/rickette/.m2/repository/org/springframework/ws/spring-ws-support/1.5.9/spring-ws-support-1.5.9.jar:/Users/rickette/.m2/repository/org/springframework/spring-jms/2.5.6/spring-jms-2.5.6.jar:/Users/rickette/.m2/repository/commons-pool/commons-pool/1.3/commons-pool-1.3.jar:/Users/rickette/.m2/repository/log4j/log4j/1.2.16/log4j-1.2.16.jar:/Users/rickette/.m2/repository/org/springframework/spring-test/2.5.6/spring-test-2.5.6.jar:/Users/rickette/.m2/repository/junit/junit/4.4/junit-4.4.jar:/Users/rickette/.m2/repository/org/apache/camel/camel-test/2.3.0/camel-test-2.3.0.jar:/Users/rickette/.m2/repository/org/apache/httpcomponents/httpclient/4.0.1/httpclient-4.0.1.jar:/Users/rickette/.m2/repository/org/apache/httpcomponents/httpcore/4.0.1/httpcore-4.0.1.jar:/Users/rickette/.m2/repository/commons-codec/commons-codec/1.3/commons-codec-1.3.jar:/Users/rickette/.m2/repository/org/apache/camel/camel-jaxb/2.3.0/camel-jaxb-2.3.0.jar:/Users/rickette/.m2/repository/javax/xml/bind/jaxb-api/2.1/jaxb-api-2.1.jar:/Users/rickette/.m2/repository/javax/xml/stream/stax-api/1.0-2/stax-api-1.0-2.jar:/Users/rickette/.m2/repository/javax/activation/activation/1.1/activation-1.1.jar:/Users/rickette/.m2/repository/com/sun/xml/bind/jaxb-impl/2.1.12/jaxb-impl-2.1.12.jar:/Users/rickette/.m2/repository/com/sun/xml/messaging/saaj/saaj-impl/1.3/saaj-impl-1.3.jar:/Users/rickette/.m2/repository/javax/xml/soap/saaj-api/1.3/saaj-api-1.3.jar:/Users/rickette/.m2/repository/org/apache/geronimo/specs/geronimo-activation_1.1_spec/1.1/geronimo-activation_1.1_spec-1.1.jar:/Users/rickette/.m2/repository/org/apache/geronimo/specs/geronimo-servlet_2.4_spec/1.1.1/geronimo-servlet_2.4_spec-1.1.1.jar:/Users/rickette/.m2/repository/stax/stax/1.2.0/stax-1.2.0.jar:/Users/rickette/.m2/repository/stax/stax-api/1.0.1/stax-api-1.0.1.jar:"/>
    <property name="java.specification.name" value="Java Platform API Specification"/>
    <property name="java.class.version" value="50.0"/>
    <property name="sun.management.compiler" value="HotSpot 64-Bit Server Compiler"/>
    <property name="os.version" value="10.6.4"/>
    <property name="http.nonProxyHosts" value="local|*.local|169.254/16|*.169.254/16"/>
    <property name="user.home" value="/Users/rickette"/>
    <property name="user.timezone" value="Europe/Amsterdam"/>
    <property name="java.awt.printerjob" value="apple.awt.CPrinterJob"/>
    <property name="java.specification.version" value="1.6"/>
    <property name="file.encoding" value="MacRoman"/>
    <property name="user.name" value="rickette"/>
    <property name="java.class.path" value="/Users/rickette/Workspace/camel-spring-ws/target/test-classes:/Users/rickette/Workspace/camel-spring-ws/target/classes:/Users/rickette/.m2/repository/org/apache/camel/camel-core/2.3.0/camel-core-2.3.0.jar:/Users/rickette/.m2/repository/commons-logging/commons-logging-api/1.1/commons-logging-api-1.1.jar:/Users/rickette/.m2/repository/org/fusesource/commonman/commons-management/1.0/commons-management-1.0.jar:/Users/rickette/.m2/repository/org/apache/camel/camel-spring/2.3.0/camel-spring-2.3.0.jar:/Users/rickette/.m2/repository/org/springframework/spring-context/2.5.6/spring-context-2.5.6.jar:/Users/rickette/.m2/repository/aopalliance/aopalliance/1.0/aopalliance-1.0.jar:/Users/rickette/.m2/repository/commons-logging/commons-logging/1.1.1/commons-logging-1.1.1.jar:/Users/rickette/.m2/repository/org/springframework/spring-beans/2.5.6/spring-beans-2.5.6.jar:/Users/rickette/.m2/repository/org/springframework/spring-core/2.5.6/spring-core-2.5.6.jar:/Users/rickette/.m2/repository/org/springframework/spring-aop/2.5.6/spring-aop-2.5.6.jar:/Users/rickette/.m2/repository/org/springframework/spring-tx/2.5.6/spring-tx-2.5.6.jar:/Users/rickette/.m2/repository/org/springframework/ws/spring-ws-core/1.5.9/spring-ws-core-1.5.9.jar:/Users/rickette/.m2/repository/org/springframework/ws/spring-xml/1.5.9/spring-xml-1.5.9.jar:/Users/rickette/.m2/repository/org/springframework/ws/spring-oxm/1.5.9/spring-oxm-1.5.9.jar:/Users/rickette/.m2/repository/org/springframework/spring-web/2.5.6/spring-web-2.5.6.jar:/Users/rickette/.m2/repository/org/springframework/spring-webmvc/2.5.6/spring-webmvc-2.5.6.jar:/Users/rickette/.m2/repository/org/springframework/spring-context-support/2.5.6/spring-context-support-2.5.6.jar:/Users/rickette/.m2/repository/wsdl4j/wsdl4j/1.6.1/wsdl4j-1.6.1.jar:/Users/rickette/.m2/repository/org/springframework/ws/spring-ws-support/1.5.9/spring-ws-support-1.5.9.jar:/Users/rickette/.m2/repository/org/springframework/spring-jms/2.5.6/spring-jms-2.5.6.jar:/Users/rickette/.m2/repository/commons-pool/commons-pool/1.3/commons-pool-1.3.jar:/Users/rickette/.m2/repository/log4j/log4j/1.2.16/log4j-1.2.16.jar:/Users/rickette/.m2/repository/org/springframework/spring-test/2.5.6/spring-test-2.5.6.jar:/Users/rickette/.m2/repository/junit/junit/4.4/junit-4.4.jar:/Users/rickette/.m2/repository/org/apache/camel/camel-test/2.3.0/camel-test-2.3.0.jar:/Users/rickette/.m2/repository/org/apache/httpcomponents/httpclient/4.0.1/httpclient-4.0.1.jar:/Users/rickette/.m2/repository/org/apache/httpcomponents/httpcore/4.0.1/httpcore-4.0.1.jar:/Users/rickette/.m2/repository/commons-codec/commons-codec/1.3/commons-codec-1.3.jar:/Users/rickette/.m2/repository/org/apache/camel/camel-jaxb/2.3.0/camel-jaxb-2.3.0.jar:/Users/rickette/.m2/repository/javax/xml/bind/jaxb-api/2.1/jaxb-api-2.1.jar:/Users/rickette/.m2/repository/javax/xml/stream/stax-api/1.0-2/stax-api-1.0-2.jar:/Users/rickette/.m2/repository/javax/activation/activation/1.1/activation-1.1.jar:/Users/rickette/.m2/repository/com/sun/xml/bind/jaxb-impl/2.1.12/jaxb-impl-2.1.12.jar:/Users/rickette/.m2/repository/com/sun/xml/messaging/saaj/saaj-impl/1.3/saaj-impl-1.3.jar:/Users/rickette/.m2/repository/javax/xml/soap/saaj-api/1.3/saaj-api-1.3.jar:/Users/rickette/.m2/repository/org/apache/geronimo/specs/geronimo-activation_1.1_spec/1.1/geronimo-activation_1.1_spec-1.1.jar:/Users/rickette/.m2/repository/org/apache/geronimo/specs/geronimo-servlet_2.4_spec/1.1.1/geronimo-servlet_2.4_spec-1.1.1.jar:/Users/rickette/.m2/repository/stax/stax/1.2.0/stax-1.2.0.jar:/Users/rickette/.m2/repository/stax/stax-api/1.0.1/stax-api-1.0.1.jar:"/>
    <property name="java.vm.specification.version" value="1.0"/>
    <property name="sun.arch.data.model" value="64"/>
    <property name="java.home" value="/System/Library/Frameworks/JavaVM.framework/Versions/1.6.0/Home"/>
    <property name="java.specification.vendor" value="Sun Microsystems Inc."/>
    <property name="user.language" value="en"/>
    <property name="awt.toolkit" value="apple.awt.CToolkit"/>
    <property name="java.vm.info" value="mixed mode"/>
    <property name="java.version" value="1.6.0_20"/>
    <property name="java.ext.dirs" value="/Library/Java/Extensions:/System/Library/Java/Extensions:/System/Library/Frameworks/JavaVM.framework/Versions/1.6.0/Home/lib/ext"/>
    <property name="sun.boot.class.path" value="/System/Library/Frameworks/JavaVM.framework/Versions/1.6.0/Classes/jsfd.jar:/System/Library/Frameworks/JavaVM.framework/Versions/1.6.0/Classes/classes.jar:/System/Library/Frameworks/JavaVM.framework/Frameworks/JavaRuntimeSupport.framework/Resources/Java/JavaRuntimeSupport.jar:/System/Library/Frameworks/JavaVM.framework/Versions/1.6.0/Classes/ui.jar:/System/Library/Frameworks/JavaVM.framework/Versions/1.6.0/Classes/laf.jar:/System/Library/Frameworks/JavaVM.framework/Versions/1.6.0/Classes/sunrsasign.jar:/System/Library/Frameworks/JavaVM.framework/Versions/1.6.0/Classes/jsse.jar:/System/Library/Frameworks/JavaVM.framework/Versions/1.6.0/Classes/jce.jar:/System/Library/Frameworks/JavaVM.framework/Versions/1.6.0/Classes/charsets.jar"/>
    <property name="java.vendor" value="Apple Inc."/>
    <property name="localRepository" value="/Users/rickette/.m2/repository"/>
    <property name="file.separator" value="/"/>
    <property name="java.vendor.url.bug" value="http://bugreport.apple.com/"/>
    <property name="sun.cpu.endian" value="little"/>
    <property name="sun.io.unicode.encoding" value="UnicodeLittle"/>
    <property name="mrj.version" value="1060.1.6.0_20-279"/>
    <property name="socksNonProxyHosts" value="local|*.local|169.254/16|*.169.254/16"/>
    <property name="ftp.nonProxyHosts" value="local|*.local|169.254/16|*.169.254/16"/>
    <property name="sun.cpu.isalist" value=""/>
  </properties>
  <testcase time="0.467" classname="org.apache.camel.component.spring.ws.MarschallingConsumerIntegrationTest" name="consumeStockQuoteWebservice">
    <error message="Failed to create route route1 at: &gt;&gt;&gt; To[springws:http://www.webservicex.net/stockquote.asmx?webServiceTemplate=#webServiceTemplate&amp;amp;soapAction=http://www.webserviceX.NET/GetQuote] &lt;&lt;&lt; in route: Route[[From[direct://webservice-marshall]] -&gt; [Marshal[org.a... because of Failed to resolve endpoint: springws://http://www.webservicex.net/stockquote.asmx?amp%3BsoapAction=http%3A%2F%2Fwww.webserviceX.NET%2FGetQuote&amp;webServiceTemplate=%23webServiceTemplate due to: registry entry called webServiceTemplate of type org.springframework.ws.client.core.WebServiceTemplate must be specified" type="org.apache.camel.FailedToCreateRouteException">org.apache.camel.FailedToCreateRouteException: Failed to create route route1 at: &gt;&gt;&gt; To[springws:http://www.webservicex.net/stockquote.asmx?webServiceTemplate=#webServiceTemplate&amp;amp;soapAction=http://www.webserviceX.NET/GetQuote] &lt;&lt;&lt; in route: Route[[From[direct://webservice-marshall]] -&gt; [Marshal[org.a... because of Failed to resolve endpoint: springws://http://www.webservicex.net/stockquote.asmx?amp%3BsoapAction=http%3A%2F%2Fwww.webserviceX.NET%2FGetQuote&amp;webServiceTemplate=%23webServiceTemplate due to: registry entry called webServiceTemplate of type org.springframework.ws.client.core.WebServiceTemplate must be specified
	at org.apache.camel.model.RouteDefinition.addRoutes(RouteDefinition.java:720)
	at org.apache.camel.model.RouteDefinition.addRoutes(RouteDefinition.java:138)
	at org.apache.camel.impl.DefaultCamelContext.startRoute(DefaultCamelContext.java:545)
	at org.apache.camel.impl.DefaultCamelContext.startRouteDefinitions(DefaultCamelContext.java:1209)
	at org.apache.camel.impl.DefaultCamelContext.doStartCamel(DefaultCamelContext.java:1107)
	at org.apache.camel.impl.DefaultCamelContext.doStart(DefaultCamelContext.java:1037)
	at org.apache.camel.impl.ServiceSupport.start(ServiceSupport.java:56)
	at org.apache.camel.impl.DefaultCamelContext.start(DefaultCamelContext.java:912)
	at org.apache.camel.test.junit4.CamelTestSupport.startCamelContext(CamelTestSupport.java:173)
	at org.apache.camel.test.junit4.CamelTestSupport.setUp(CamelTestSupport.java:115)
	at sun.reflect.NativeMethodAccessorImpl.invoke0(Native Method)
	at sun.reflect.NativeMethodAccessorImpl.invoke(NativeMethodAccessorImpl.java:39)
	at sun.reflect.DelegatingMethodAccessorImpl.invoke(DelegatingMethodAccessorImpl.java:25)
	at java.lang.reflect.Method.invoke(Method.java:597)
	at org.junit.internal.runners.MethodRoadie.runBefores(MethodRoadie.java:122)
	at org.junit.internal.runners.MethodRoadie.runBeforesThenTestThenAfters(MethodRoadie.java:86)
	at org.junit.internal.runners.MethodRoadie.runWithTimeout(MethodRoadie.java:49)
	at org.junit.internal.runners.MethodRoadie.run(MethodRoadie.java:40)
	at org.junit.internal.runners.JUnit4ClassRunner.invokeTestMethod(JUnit4ClassRunner.java:88)
	at org.junit.internal.runners.JUnit4ClassRunner.runMethods(JUnit4ClassRunner.java:51)
	at org.junit.internal.runners.JUnit4ClassRunner$1.run(JUnit4ClassRunner.java:44)
	at org.junit.internal.runners.ClassRoadie.runUnprotected(ClassRoadie.java:27)
	at org.junit.internal.runners.ClassRoadie.runProtected(ClassRoadie.java:37)
	at org.junit.internal.runners.JUnit4ClassRunner.run(JUnit4ClassRunner.java:42)
	at org.apache.maven.surefire.junit4.JUnit4TestSet.execute(JUnit4TestSet.java:62)
	at org.apache.maven.surefire.suite.AbstractDirectoryTestSuite.executeTestSet(AbstractDirectoryTestSuite.java:140)
	at org.apache.maven.surefire.suite.AbstractDirectoryTestSuite.execute(AbstractDirectoryTestSuite.java:127)
	at org.apache.maven.surefire.Surefire.run(Surefire.java:177)
	at sun.reflect.NativeMethodAccessorImpl.invoke0(Native Method)
	at sun.reflect.NativeMethodAccessorImpl.invoke(NativeMethodAccessorImpl.java:39)
	at sun.reflect.DelegatingMethodAccessorImpl.invoke(DelegatingMethodAccessorImpl.java:25)
	at java.lang.reflect.Method.invoke(Method.java:597)
	at org.apache.maven.surefire.booter.SurefireBooter.runSuitesInProcess(SurefireBooter.java:345)
	at org.apache.maven.surefire.booter.SurefireBooter.main(SurefireBooter.java:1009)
Caused by: org.apache.camel.ResolveEndpointFailedException: Failed to resolve endpoint: springws://http://www.webservicex.net/stockquote.asmx?amp%3BsoapAction=http%3A%2F%2Fwww.webserviceX.NET%2FGetQuote&amp;webServiceTemplate=%23webServiceTemplate due to: registry entry called webServiceTemplate of type org.springframework.ws.client.core.WebServiceTemplate must be specified
	at org.apache.camel.impl.DefaultCamelContext.getEndpoint(DefaultCamelContext.java:377)
	at org.apache.camel.util.CamelContextHelper.getMandatoryEndpoint(CamelContextHelper.java:47)
	at org.apache.camel.model.RouteDefinition.resolveEndpoint(RouteDefinition.java:153)
	at org.apache.camel.impl.DefaultRouteContext.resolveEndpoint(DefaultRouteContext.java:110)
	at org.apache.camel.impl.DefaultRouteContext.resolveEndpoint(DefaultRouteContext.java:116)
	at org.apache.camel.model.SendDefinition.resolveEndpoint(SendDefinition.java:63)
	at org.apache.camel.model.SendDefinition.createProcessor(SendDefinition.java:57)
	at org.apache.camel.model.ToDefinition.createProcessor(ToDefinition.java:91)
	at org.apache.camel.model.ProcessorDefinition.makeProcessor(ProcessorDefinition.java:365)
	at org.apache.camel.model.ProcessorDefinition.addRoutes(ProcessorDefinition.java:161)
	at org.apache.camel.model.RouteDefinition.addRoutes(RouteDefinition.java:717)
	... 33 more
Caused by: java.lang.IllegalArgumentException: registry entry called webServiceTemplate of type org.springframework.ws.client.core.WebServiceTemplate must be specified
	at org.apache.camel.util.ObjectHelper.notNull(ObjectHelper.java:260)
	at org.apache.camel.util.CamelContextHelper.mandatoryLookup(CamelContextHelper.java:124)
	at org.apache.camel.util.EndpointHelper.resolveReferenceParameter(EndpointHelper.java:255)
	at org.apache.camel.util.EndpointHelper.resolveReferenceParameter(EndpointHelper.java:237)
	at org.apache.camel.impl.DefaultComponent.resolveAndRemoveReferenceParameter(DefaultComponent.java:282)
	at org.apache.camel.component.spring.ws.SpringWebserviceComponent.createProducerConfiguration(SpringWebserviceComponent.java:94)
	at org.apache.camel.component.spring.ws.SpringWebserviceComponent.createEndpoint(SpringWebserviceComponent.java:59)
	at org.apache.camel.impl.DefaultComponent.createEndpoint(DefaultComponent.java:75)
	at org.apache.camel.impl.DefaultCamelContext.getEndpoint(DefaultCamelContext.java:356)
	... 43 more
</error>
  </testcase>
</testsuite>