<?xml version="1.0" encoding="UTF-8" ?>
<testsuite failures="0" time="1.309" errors="0" skipped="0" tests="4" name="org.apache.camel.component.spring.ws.SpringWebserviceComponentProducerIntegrationTest">
  <properties>
    <property name="java.runtime.name" value="Java(TM) SE Runtime Environment"/>
    <property name="sun.boot.library.path" value="/System/Library/Frameworks/JavaVM.framework/Versions/1.6.0/Libraries"/>
    <property name="java.vm.version" value="16.3-b01-279"/>
    <property name="awt.nativeDoubleBuffering" value="true"/>
    <property name="gopherProxySet" value="false"/>
    <property name="mrj.build" value="10M3065"/>
    <property name="java.vm.vendor" value="Apple Inc."/>
    <property name="java.vendor.url" value="http://www.apple.com/"/>
    <property name="path.separator" value=":"/>
    <property name="java.vm.name" value="Java HotSpot(TM) 64-Bit Server VM"/>
    <property name="file.encoding.pkg" value="sun.io"/>
    <property name="user.country" value="US"/>
    <property name="sun.java.launcher" value="SUN_STANDARD"/>
    <property name="sun.os.patch.level" value="unknown"/>
    <property name="org.apache.camel.jmx.disabled" value="true"/>
    <property name="java.vm.specification.name" value="Java Virtual Machine Specification"/>
    <property name="user.dir" value="/Users/rickette/Workspace/camel-spring-ws"/>
    <property name="java.runtime.version" value="1.6.0_20-b02-279-10M3065"/>
    <property name="java.awt.graphicsenv" value="apple.awt.CGraphicsEnvironment"/>
    <property name="basedir" value="/Users/rickette/Workspace/camel-spring-ws"/>
    <property name="java.endorsed.dirs" value="/System/Library/Frameworks/JavaVM.framework/Versions/1.6.0/Home/lib/endorsed"/>
    <property name="os.arch" value="x86_64"/>
    <property name="surefire.real.class.path" value="/var/folders/tT/tTNL5HTNHMC8ZUm3gnfE6k+++TI/-Tmp-/surefirebooter5988945978932752852.jar"/>
    <property name="java.io.tmpdir" value="/var/folders/tT/tTNL5HTNHMC8ZUm3gnfE6k+++TI/-Tmp-/"/>
    <property name="line.separator" value="
"/>
    <property name="java.vm.specification.vendor" value="Sun Microsystems Inc."/>
    <property name="os.name" value="Mac OS X"/>
    <property name="sun.jnu.encoding" value="MacRoman"/>
    <property name="java.library.path" value=".:/Library/Java/Extensions:/System/Library/Java/Extensions:/usr/lib/java"/>
    <property name="surefire.test.class.path" value="/Users/rickette/Workspace/camel-spring-ws/target/test-classes:/Users/rickette/Workspace/camel-spring-ws/target/classes:/Users/rickette/.m2/repository/org/apache/camel/camel-core/2.3.0/camel-core-2.3.0.jar:/Users/rickette/.m2/repository/commons-logging/commons-logging-api/1.1/commons-logging-api-1.1.jar:/Users/rickette/.m2/repository/org/fusesource/commonman/commons-management/1.0/commons-management-1.0.jar:/Users/rickette/.m2/repository/org/apache/camel/camel-spring/2.3.0/camel-spring-2.3.0.jar:/Users/rickette/.m2/repository/org/springframework/spring-context/2.5.6/spring-context-2.5.6.jar:/Users/rickette/.m2/repository/aopalliance/aopalliance/1.0/aopalliance-1.0.jar:/Users/rickette/.m2/repository/commons-logging/commons-logging/1.1.1/commons-logging-1.1.1.jar:/Users/rickette/.m2/repository/org/springframework/spring-beans/2.5.6/spring-beans-2.5.6.jar:/Users/rickette/.m2/repository/org/springframework/spring-core/2.5.6/spring-core-2.5.6.jar:/Users/rickette/.m2/repository/org/springframework/spring-aop/2.5.6/spring-aop-2.5.6.jar:/Users/rickette/.m2/repository/org/springframework/spring-tx/2.5.6/spring-tx-2.5.6.jar:/Users/rickette/.m2/repository/org/springframework/ws/spring-ws-core/1.5.9/spring-ws-core-1.5.9.jar:/Users/rickette/.m2/repository/org/springframework/ws/spring-xml/1.5.9/spring-xml-1.5.9.jar:/Users/rickette/.m2/repository/org/springframework/ws/spring-oxm/1.5.9/spring-oxm-1.5.9.jar:/Users/rickette/.m2/repository/org/springframework/spring-web/2.5.6/spring-web-2.5.6.jar:/Users/rickette/.m2/repository/org/springframework/spring-webmvc/2.5.6/spring-webmvc-2.5.6.jar:/Users/rickette/.m2/repository/org/springframework/spring-context-support/2.5.6/spring-context-support-2.5.6.jar:/Users/rickette/.m2/repository/wsdl4j/wsdl4j/1.6.1/wsdl4j-1.6.1.jar:/Users/rickette/.m2/repository/org/springframework/ws/spring-ws-support/1.5.9/spring-ws-support-1.5.9.jar:/Users/rickette/.m2/repository/org/springframework/spring-jms/2.5.6/spring-jms-2.5.6.jar:/Users/rickette/.m2/repository/commons-pool/commons-pool/1.3/commons-pool-1.3.jar:/Users/rickette/.m2/repository/log4j/log4j/1.2.16/log4j-1.2.16.jar:/Users/rickette/.m2/repository/org/springframework/spring-test/2.5.6/spring-test-2.5.6.jar:/Users/rickette/.m2/repository/junit/junit/4.4/junit-4.4.jar:/Users/rickette/.m2/repository/org/apache/camel/camel-test/2.3.0/camel-test-2.3.0.jar:/Users/rickette/.m2/repository/org/apache/httpcomponents/httpclient/4.0.1/httpclient-4.0.1.jar:/Users/rickette/.m2/repository/org/apache/httpcomponents/httpcore/4.0.1/httpcore-4.0.1.jar:/Users/rickette/.m2/repository/commons-codec/commons-codec/1.3/commons-codec-1.3.jar:/Users/rickette/.m2/repository/org/apache/camel/camel-jaxb/2.3.0/camel-jaxb-2.3.0.jar:/Users/rickette/.m2/repository/javax/xml/bind/jaxb-api/2.1/jaxb-api-2.1.jar:/Users/rickette/.m2/repository/javax/xml/stream/stax-api/1.0-2/stax-api-1.0-2.jar:/Users/rickette/.m2/repository/javax/activation/activation/1.1/activation-1.1.jar:/Users/rickette/.m2/repository/com/sun/xml/bind/jaxb-impl/2.1.12/jaxb-impl-2.1.12.jar:/Users/rickette/.m2/repository/com/sun/xml/messaging/saaj/saaj-impl/1.3/saaj-impl-1.3.jar:/Users/rickette/.m2/repository/javax/xml/soap/saaj-api/1.3/saaj-api-1.3.jar:/Users/rickette/.m2/repository/org/apache/geronimo/specs/geronimo-activation_1.1_spec/1.1/geronimo-activation_1.1_spec-1.1.jar:/Users/rickette/.m2/repository/org/apache/geronimo/specs/geronimo-servlet_2.4_spec/1.1.1/geronimo-servlet_2.4_spec-1.1.1.jar:/Users/rickette/.m2/repository/stax/stax/1.2.0/stax-1.2.0.jar:/Users/rickette/.m2/repository/stax/stax-api/1.0.1/stax-api-1.0.1.jar:"/>
    <property name="java.specification.name" value="Java Platform API Specification"/>
    <property name="java.class.version" value="50.0"/>
    <property name="sun.management.compiler" value="HotSpot 64-Bit Server Compiler"/>
    <property name="os.version" value="10.6.4"/>
    <property name="http.nonProxyHosts" value="local|*.local|169.254/16|*.169.254/16"/>
    <property name="user.home" value="/Users/rickette"/>
    <property name="user.timezone" value="Europe/Amsterdam"/>
    <property name="java.awt.printerjob" value="apple.awt.CPrinterJob"/>
    <property name="java.specification.version" value="1.6"/>
    <property name="file.encoding" value="MacRoman"/>
    <property name="user.name" value="rickette"/>
    <property name="java.class.path" value="/Users/rickette/Workspace/camel-spring-ws/target/test-classes:/Users/rickette/Workspace/camel-spring-ws/target/classes:/Users/rickette/.m2/repository/org/apache/camel/camel-core/2.3.0/camel-core-2.3.0.jar:/Users/rickette/.m2/repository/commons-logging/commons-logging-api/1.1/commons-logging-api-1.1.jar:/Users/rickette/.m2/repository/org/fusesource/commonman/commons-management/1.0/commons-management-1.0.jar:/Users/rickette/.m2/repository/org/apache/camel/camel-spring/2.3.0/camel-spring-2.3.0.jar:/Users/rickette/.m2/repository/org/springframework/spring-context/2.5.6/spring-context-2.5.6.jar:/Users/rickette/.m2/repository/aopalliance/aopalliance/1.0/aopalliance-1.0.jar:/Users/rickette/.m2/repository/commons-logging/commons-logging/1.1.1/commons-logging-1.1.1.jar:/Users/rickette/.m2/repository/org/springframework/spring-beans/2.5.6/spring-beans-2.5.6.jar:/Users/rickette/.m2/repository/org/springframework/spring-core/2.5.6/spring-core-2.5.6.jar:/Users/rickette/.m2/repository/org/springframework/spring-aop/2.5.6/spring-aop-2.5.6.jar:/Users/rickette/.m2/repository/org/springframework/spring-tx/2.5.6/spring-tx-2.5.6.jar:/Users/rickette/.m2/repository/org/springframework/ws/spring-ws-core/1.5.9/spring-ws-core-1.5.9.jar:/Users/rickette/.m2/repository/org/springframework/ws/spring-xml/1.5.9/spring-xml-1.5.9.jar:/Users/rickette/.m2/repository/org/springframework/ws/spring-oxm/1.5.9/spring-oxm-1.5.9.jar:/Users/rickette/.m2/repository/org/springframework/spring-web/2.5.6/spring-web-2.5.6.jar:/Users/rickette/.m2/repository/org/springframework/spring-webmvc/2.5.6/spring-webmvc-2.5.6.jar:/Users/rickette/.m2/repository/org/springframework/spring-context-support/2.5.6/spring-context-support-2.5.6.jar:/Users/rickette/.m2/repository/wsdl4j/wsdl4j/1.6.1/wsdl4j-1.6.1.jar:/Users/rickette/.m2/repository/org/springframework/ws/spring-ws-support/1.5.9/spring-ws-support-1.5.9.jar:/Users/rickette/.m2/repository/org/springframework/spring-jms/2.5.6/spring-jms-2.5.6.jar:/Users/rickette/.m2/repository/commons-pool/commons-pool/1.3/commons-pool-1.3.jar:/Users/rickette/.m2/repository/log4j/log4j/1.2.16/log4j-1.2.16.jar:/Users/rickette/.m2/repository/org/springframework/spring-test/2.5.6/spring-test-2.5.6.jar:/Users/rickette/.m2/repository/junit/junit/4.4/junit-4.4.jar:/Users/rickette/.m2/repository/org/apache/camel/camel-test/2.3.0/camel-test-2.3.0.jar:/Users/rickette/.m2/repository/org/apache/httpcomponents/httpclient/4.0.1/httpclient-4.0.1.jar:/Users/rickette/.m2/repository/org/apache/httpcomponents/httpcore/4.0.1/httpcore-4.0.1.jar:/Users/rickette/.m2/repository/commons-codec/commons-codec/1.3/commons-codec-1.3.jar:/Users/rickette/.m2/repository/org/apache/camel/camel-jaxb/2.3.0/camel-jaxb-2.3.0.jar:/Users/rickette/.m2/repository/javax/xml/bind/jaxb-api/2.1/jaxb-api-2.1.jar:/Users/rickette/.m2/repository/javax/xml/stream/stax-api/1.0-2/stax-api-1.0-2.jar:/Users/rickette/.m2/repository/javax/activation/activation/1.1/activation-1.1.jar:/Users/rickette/.m2/repository/com/sun/xml/bind/jaxb-impl/2.1.12/jaxb-impl-2.1.12.jar:/Users/rickette/.m2/repository/com/sun/xml/messaging/saaj/saaj-impl/1.3/saaj-impl-1.3.jar:/Users/rickette/.m2/repository/javax/xml/soap/saaj-api/1.3/saaj-api-1.3.jar:/Users/rickette/.m2/repository/org/apache/geronimo/specs/geronimo-activation_1.1_spec/1.1/geronimo-activation_1.1_spec-1.1.jar:/Users/rickette/.m2/repository/org/apache/geronimo/specs/geronimo-servlet_2.4_spec/1.1.1/geronimo-servlet_2.4_spec-1.1.1.jar:/Users/rickette/.m2/repository/stax/stax/1.2.0/stax-1.2.0.jar:/Users/rickette/.m2/repository/stax/stax-api/1.0.1/stax-api-1.0.1.jar:"/>
    <property name="java.vm.specification.version" value="1.0"/>
    <property name="sun.arch.data.model" value="64"/>
    <property name="java.home" value="/System/Library/Frameworks/JavaVM.framework/Versions/1.6.0/Home"/>
    <property name="java.specification.vendor" value="Sun Microsystems Inc."/>
    <property name="user.language" value="en"/>
    <property name="awt.toolkit" value="apple.awt.CToolkit"/>
    <property name="java.vm.info" value="mixed mode"/>
    <property name="java.version" value="1.6.0_20"/>
    <property name="java.ext.dirs" value="/Library/Java/Extensions:/System/Library/Java/Extensions:/System/Library/Frameworks/JavaVM.framework/Versions/1.6.0/Home/lib/ext"/>
    <property name="sun.boot.class.path" value="/System/Library/Frameworks/JavaVM.framework/Versions/1.6.0/Classes/jsfd.jar:/System/Library/Frameworks/JavaVM.framework/Versions/1.6.0/Classes/classes.jar:/System/Library/Frameworks/JavaVM.framework/Frameworks/JavaRuntimeSupport.framework/Resources/Java/JavaRuntimeSupport.jar:/System/Library/Frameworks/JavaVM.framework/Versions/1.6.0/Classes/ui.jar:/System/Library/Frameworks/JavaVM.framework/Versions/1.6.0/Classes/laf.jar:/System/Library/Frameworks/JavaVM.framework/Versions/1.6.0/Classes/sunrsasign.jar:/System/Library/Frameworks/JavaVM.framework/Versions/1.6.0/Classes/jsse.jar:/System/Library/Frameworks/JavaVM.framework/Versions/1.6.0/Classes/jce.jar:/System/Library/Frameworks/JavaVM.framework/Versions/1.6.0/Classes/charsets.jar"/>
    <property name="java.vendor" value="Apple Inc."/>
    <property name="localRepository" value="/Users/rickette/.m2/repository"/>
    <property name="file.separator" value="/"/>
    <property name="java.vendor.url.bug" value="http://bugreport.apple.com/"/>
    <property name="sun.cpu.endian" value="little"/>
    <property name="sun.io.unicode.encoding" value="UnicodeLittle"/>
    <property name="mrj.version" value="1060.1.6.0_20-279"/>
    <property name="socksNonProxyHosts" value="local|*.local|169.254/16|*.169.254/16"/>
    <property name="ftp.nonProxyHosts" value="local|*.local|169.254/16|*.169.254/16"/>
    <property name="sun.cpu.isalist" value=""/>
  </properties>
  <testcase time="0.331" classname="org.apache.camel.component.spring.ws.SpringWebserviceComponentProducerIntegrationTest" name="testRootQName"/>
  <testcase time="0.351" classname="org.apache.camel.component.spring.ws.SpringWebserviceComponentProducerIntegrationTest" name="testSoapAction"/>
  <testcase time="0.326" classname="org.apache.camel.component.spring.ws.SpringWebserviceComponentProducerIntegrationTest" name="testUri"/>
  <testcase time="0.298" classname="org.apache.camel.component.spring.ws.SpringWebserviceComponentProducerIntegrationTest" name="testXPath"/>
</testsuite>